::1 - - [21/Sep/2025 13:54:43] "GET /widget.html HTTP/1.1" 200 -
::1 - - [21/Sep/2025 13:54:43] "GET /widget.html HTTP/1.1" 200 -
::1 - - [21/Sep/2025 13:54:43] "GET /bookmarklet.js HTTP/1.1" 200 -
::1 - - [21/Sep/2025 13:54:43] code 404, message File not found
::1 - - [21/Sep/2025 13:54:43] "GET /favicon.ico HTTP/1.1" 404 -
::1 - - [21/Sep/2025 14:03:00] "GET / HTTP/1.1" 200 -
::1 - - [21/Sep/2025 14:09:11] "GET / HTTP/1.1" 200 -
::1 - - [21/Sep/2025 14:09:38] "GET / HTTP/1.1" 200 -
::1 - - [21/Sep/2025 14:09:41] "GET /bookmarklet.js HTTP/1.1" 200 -
::1 - - [21/Sep/2025 14:09:51] "GET /widget.html HTTP/1.1" 200 -
::1 - - [21/Sep/2025 14:12:40] "GET / HTTP/1.1" 200 -
::1 - - [21/Sep/2025 14:13:39] "GET / HTTP/1.1" 200 -
::1 - - [21/Sep/2025 14:13:43] "GET /widget.html HTTP/1.1" 304 -
::1 - - [21/Sep/2025 14:13:43] "GET /bookmarklet.js HTTP/1.1" 304 -
::1 - - [21/Sep/2025 14:18:45] "GET /test.html?id=c905c1f8-c56e-4fe1-9d0e-8b2e2432b10c&vscodeBrowserReqId=1758475125444 HTTP/1.1" 200 -
::1 - - [21/Sep/2025 14:18:50] "GET / HTTP/1.1" 200 -
::1 - - [21/Sep/2025 14:19:46] "GET /test.html HTTP/1.1" 200 -
::1 - - [21/Sep/2025 14:19:51] "GET / HTTP/1.1" 200 -
::1 - - [21/Sep/2025 14:19:52] "GET /bookmarklet.js HTTP/1.1" 200 -
::1 - - [21/Sep/2025 14:23:13] "GET /test.html?id=c905c1f8-c56e-4fe1-9d0e-8b2e2432b10c&vscodeBrowserReqId=1758475393609 HTTP/1.1" 200 -
::1 - - [21/Sep/2025 14:23:18] "GET / HTTP/1.1" 200 -
::1 - - [21/Sep/2025 14:23:18] "GET /bookmarklet.js HTTP/1.1" 200 -
::1 - - [21/Sep/2025 14:23:36] "GET /test.html HTTP/1.1" 304 -
::1 - - [21/Sep/2025 14:23:41] "GET / HTTP/1.1" 200 -
::1 - - [21/Sep/2025 14:23:41] "GET /bookmarklet.js HTTP/1.1" 200 -
::1 - - [21/Sep/2025 14:23:44] "GET / HTTP/1.1" 200 -
::1 - - [21/Sep/2025 14:23:47] "GET /widget.html HTTP/1.1" 304 -
::1 - - [21/Sep/2025 14:23:47] "GET /bookmarklet.js HTTP/1.1" 304 -
::1 - - [21/Sep/2025 14:24:01] "GET / HTTP/1.1" 200 -
::1 - - [21/Sep/2025 14:24:11] "GET /test.html HTTP/1.1" 304 -
::1 - - [21/Sep/2025 14:24:39] "GET /widget.html?id=c905c1f8-c56e-4fe1-9d0e-8b2e2432b10c&vscodeBrowserReqId=1758475479353 HTTP/1.1" 200 -
::1 - - [21/Sep/2025 14:24:43] "GET /bookmarklet.js HTTP/1.1" 304 -
::1 - - [21/Sep/2025 14:24:43] "GET / HTTP/1.1" 200 -
::1 - - [21/Sep/2025 14:24:45] "GET /bookmarklet.js HTTP/1.1" 304 -
::1 - - [21/Sep/2025 14:25:15] "GET / HTTP/1.1" 200 -
::1 - - [21/Sep/2025 14:25:17] "GET /bookmarklet.js HTTP/1.1" 304 -
::1 - - [21/Sep/2025 14:25:43] "GET /bookmarklet.js HTTP/1.1" 200 -
::1 - - [21/Sep/2025 14:26:35] "GET /widget.html?id=c905c1f8-c56e-4fe1-9d0e-8b2e2432b10c&vscodeBrowserReqId=1758475595103 HTTP/1.1" 200 -
::1 - - [21/Sep/2025 14:26:39] "GET / HTTP/1.1" 200 -
::1 - - [21/Sep/2025 14:26:49] "GET /widget.html HTTP/1.1" 200 -
::1 - - [21/Sep/2025 14:26:55] "GET / HTTP/1.1" 200 -
::1 - - [21/Sep/2025 14:26:56] "GET /bookmarklet.js?v=1758475616513 HTTP/1.1" 200 -
::1 - - [21/Sep/2025 14:28:38] "GET /widget.html?id=c905c1f8-c56e-4fe1-9d0e-8b2e2432b10c&vscodeBrowserReqId=1758475718247 HTTP/1.1" 200 -
::1 - - [21/Sep/2025 14:28:42] "GET / HTTP/1.1" 200 -
::1 - - [21/Sep/2025 14:29:12] "GET /widget.html HTTP/1.1" 200 -
::1 - - [21/Sep/2025 14:29:16] "GET / HTTP/1.1" 200 -
::1 - - [21/Sep/2025 14:29:55] "GET /widget.html HTTP/1.1" 200 -
::1 - - [21/Sep/2025 14:30:01] "GET / HTTP/1.1" 200 -
::1 - - [21/Sep/2025 14:30:01] "GET /bookmarklet.js HTTP/1.1" 304 -
::1 - - [21/Sep/2025 14:30:20] "GET /widget.html HTTP/1.1" 200 -
::1 - - [21/Sep/2025 14:30:21] "GET /widget.html HTTP/1.1" 304 -
::1 - - [21/Sep/2025 14:30:23] "GET /widget.html HTTP/1.1" 304 -
::1 - - [21/Sep/2025 14:31:23] "GET /widget.html HTTP/1.1" 304 -
::1 - - [21/Sep/2025 14:31:23] "GET /bookmarklet.js HTTP/1.1" 304 -
::1 - - [21/Sep/2025 14:31:23] "GET /widget.html HTTP/1.1" 304 -
::1 - - [21/Sep/2025 14:31:24] "GET /widget.html HTTP/1.1" 304 -
::1 - - [21/Sep/2025 14:33:57] "GET /widget.html?id=c905c1f8-c56e-4fe1-9d0e-8b2e2432b10c&vscodeBrowserReqId=1758476037618 HTTP/1.1" 200 -
::1 - - [21/Sep/2025 14:33:57] "GET /bookmarklet.js HTTP/1.1" 200 -
::1 - - [21/Sep/2025 14:34:18] "GET /widget.html HTTP/1.1" 200 -
::1 - - [21/Sep/2025 14:34:18] "GET /bookmarklet.js HTTP/1.1" 200 -
::1 - - [21/Sep/2025 14:34:43] "GET /widget.html HTTP/1.1" 304 -
::1 - - [21/Sep/2025 14:34:43] "GET /bookmarklet.js HTTP/1.1" 304 -
::1 - - [21/Sep/2025 14:34:44] "GET /widget.html HTTP/1.1" 304 -
::1 - - [21/Sep/2025 14:34:45] "GET /widget.html HTTP/1.1" 304 -
::1 - - [21/Sep/2025 14:34:45] "GET /widget.html HTTP/1.1" 304 -
::1 - - [21/Sep/2025 14:34:45] "GET /widget.html HTTP/1.1" 304 -
::1 - - [21/Sep/2025 14:34:46] "GET /widget.html HTTP/1.1" 304 -
::1 - - [21/Sep/2025 14:36:08] "GET /bookmarklet.js HTTP/1.1" 200 -
::1 - - [21/Sep/2025 14:38:44] "GET /test-bookmarklet.html?id=c905c1f8-c56e-4fe1-9d0e-8b2e2432b10c&vscodeBrowserReqId=1758476324301 HTTP/1.1" 200 -
::1 - - [21/Sep/2025 14:38:47] "GET /test-bookmarklet.html HTTP/1.1" 200 -
::1 - - [21/Sep/2025 14:38:54] "GET /bookmarklet.js?v=1758476334835 HTTP/1.1" 200 -
::1 - - [21/Sep/2025 14:38:56] "GET /debug-widget.js?v=1758476336950 HTTP/1.1" 200 -
::1 - - [21/Sep/2025 14:38:58] "GET /bookmarklet.js?v=1758476338067 HTTP/1.1" 200 -
::1 - - [21/Sep/2025 14:38:58] "GET /bookmarklet.js?v=1758476338867 HTTP/1.1" 200 -
::1 - - [21/Sep/2025 14:39:07] "GET /bookmarklet.js?v=1758476347868 HTTP/1.1" 200 -
::1 - - [21/Sep/2025 14:40:19] "GET /test-bookmarklet.html?id=c905c1f8-c56e-4fe1-9d0e-8b2e2432b10c&vscodeBrowserReqId=1758476419581 HTTP/1.1" 200 -
::1 - - [21/Sep/2025 14:41:00] "GET /test-bookmarklet.html HTTP/1.1" 200 -
::1 - - [21/Sep/2025 14:41:05] "GET /bookmarklet.js?v=1758476465118 HTTP/1.1" 200 -
::1 - - [21/Sep/2025 14:41:09] "GET /test-bookmarklet.html HTTP/1.1" 304 -
::1 - - [21/Sep/2025 14:41:18] "GET /widget.html HTTP/1.1" 304 -
::1 - - [21/Sep/2025 14:41:18] "GET /bookmarklet.js HTTP/1.1" 304 -
::1 - - [21/Sep/2025 14:43:09] "GET /widget.html?id=c905c1f8-c56e-4fe1-9d0e-8b2e2432b10c&vscodeBrowserReqId=1758476589384 HTTP/1.1" 200 -
::1 - - [21/Sep/2025 14:43:09] "GET /bookmarklet.js HTTP/1.1" 304 -
::1 - - [21/Sep/2025 14:43:10] "GET /bookmarklet.js HTTP/1.1" 304 -
::1 - - [21/Sep/2025 14:43:27] "GET /widget.html HTTP/1.1" 200 -
::1 - - [21/Sep/2025 14:43:27] "GET /bookmarklet.js HTTP/1.1" 304 -
::1 - - [21/Sep/2025 14:43:28] "GET /bookmarklet.js HTTP/1.1" 304 -
::1 - - [21/Sep/2025 14:45:30] "GET /widget.html?id=c905c1f8-c56e-4fe1-9d0e-8b2e2432b10c&vscodeBrowserReqId=1758476730749 HTTP/1.1" 200 -
::1 - - [21/Sep/2025 14:45:30] "GET /bookmarklet.js HTTP/1.1" 304 -
::1 - - [21/Sep/2025 14:45:35] "GET / HTTP/1.1" 200 -
::1 - - [21/Sep/2025 14:45:48] "GET /widget.html HTTP/1.1" 200 -
::1 - - [21/Sep/2025 14:45:48] "GET /bookmarklet.js HTTP/1.1" 304 -
::1 - - [21/Sep/2025 14:45:53] "GET / HTTP/1.1" 200 -
::1 - - [21/Sep/2025 14:46:14] "GET /bookmarklet.js?v=1758476774378 HTTP/1.1" 200 -
::1 - - [21/Sep/2025 14:46:35] "GET /widget.html HTTP/1.1" 304 -
::1 - - [21/Sep/2025 14:46:39] "GET / HTTP/1.1" 200 -
::1 - - [21/Sep/2025 14:46:46] "GET /widget.html HTTP/1.1" 304 -
::1 - - [21/Sep/2025 14:46:50] "GET / HTTP/1.1" 200 -
::1 - - [21/Sep/2025 14:47:41] "GET /widget.html HTTP/1.1" 200 -
::1 - - [21/Sep/2025 14:47:41] "GET /bookmarklet.js HTTP/1.1" 304 -
::1 - - [21/Sep/2025 14:47:42] "GET /widget.html HTTP/1.1" 304 -
::1 - - [21/Sep/2025 14:47:46] "GET / HTTP/1.1" 200 -
::1 - - [21/Sep/2025 14:48:44] "GET /widget.html HTTP/1.1" 200 -
::1 - - [21/Sep/2025 14:48:45] "GET /widget.html HTTP/1.1" 304 -
::1 - - [21/Sep/2025 14:48:50] "GET /bookmarklet.js?v=1758476930141 HTTP/1.1" 200 -
::1 - - [21/Sep/2025 14:48:50] "GET / HTTP/1.1" 200 -
::1 - - [21/Sep/2025 14:49:43] "GET /bookmarklet.js?v=1758476983777 HTTP/1.1" 200 -
::1 - - [21/Sep/2025 14:50:37] "GET /bookmarklet.js?v=1758477037752 HTTP/1.1" 200 -
::1 - - [21/Sep/2025 16:12:43] "GET /bookmarklet.js?v=1758481963935 HTTP/1.1" 200 -
